{"level":"info","message":"Connected to Redis successfully","timestamp":"2024-12-02 00:30:35"}
{"level":"info","message":"Elasticsearch cluster health:","timestamp":"2024-12-02 00:30:35"}
{"level":"info","message":"Elasticsearch client initialized successfully","timestamp":"2024-12-02 00:30:35"}
{"level":"info","message":"Index 'books' already exists","timestamp":"2024-12-02 00:30:35"}
{"level":"info","message":"Connected to Redis successfully","timestamp":"2024-12-02 00:31:09"}
{"level":"info","message":"Elasticsearch cluster health:","timestamp":"2024-12-02 00:31:09"}
{"level":"info","message":"Elasticsearch client initialized successfully","timestamp":"2024-12-02 00:31:09"}
{"level":"info","message":"Index 'books' already exists","timestamp":"2024-12-02 00:31:09"}
{"level":"info","message":"Initializing server...","timestamp":"2024-12-02 00:31:46"}
{"level":"info","message":"Initializing Redis...","timestamp":"2024-12-02 00:31:46"}
{"level":"info","message":"Connected to Redis successfully","timestamp":"2024-12-02 00:31:46"}
{"level":"info","message":"Redis initialized successfully.","timestamp":"2024-12-02 00:31:46"}
{"level":"info","message":"Initializing Elasticsearch...","timestamp":"2024-12-02 00:31:46"}
{"level":"info","message":"Elasticsearch cluster health:","timestamp":"2024-12-02 00:31:46"}
{"level":"info","message":"Elasticsearch client initialized successfully","timestamp":"2024-12-02 00:31:46"}
{"level":"info","message":"Elasticsearch initialized successfully.","timestamp":"2024-12-02 00:31:46"}
{"level":"info","message":"Initializing Elasticsearch indices...","timestamp":"2024-12-02 00:31:46"}
{"level":"info","message":"Index 'books' already exists","timestamp":"2024-12-02 00:31:46"}
{"level":"info","message":"Books index initialized successfully.","timestamp":"2024-12-02 00:31:46"}
{"level":"info","message":"Connecting to the database...","timestamp":"2024-12-02 00:31:46"}
{"level":"info","message":"Database connected successfully.","timestamp":"2024-12-02 00:31:47"}
{"level":"info","message":"Server running on port 3001","timestamp":"2024-12-02 00:31:47"}
{"level":"info","message":"Initializing server...","timestamp":"2024-12-02 00:32:02"}
{"level":"info","message":"Initializing Redis...","timestamp":"2024-12-02 00:32:02"}
{"level":"info","message":"Connected to Redis successfully","timestamp":"2024-12-02 00:32:02"}
{"level":"info","message":"Redis initialized successfully.","timestamp":"2024-12-02 00:32:02"}
{"level":"info","message":"Initializing Elasticsearch...","timestamp":"2024-12-02 00:32:02"}
{"level":"info","message":"Elasticsearch cluster health:","timestamp":"2024-12-02 00:32:02"}
{"level":"info","message":"Elasticsearch client initialized successfully","timestamp":"2024-12-02 00:32:02"}
{"level":"info","message":"Elasticsearch initialized successfully.","timestamp":"2024-12-02 00:32:02"}
{"level":"info","message":"Initializing Elasticsearch indices...","timestamp":"2024-12-02 00:32:02"}
{"level":"info","message":"Index 'books' already exists","timestamp":"2024-12-02 00:32:02"}
{"level":"info","message":"Books index initialized successfully.","timestamp":"2024-12-02 00:32:02"}
{"level":"info","message":"Connecting to the database...","timestamp":"2024-12-02 00:32:02"}
{"level":"info","message":"Database connected successfully.","timestamp":"2024-12-02 00:32:02"}
{"level":"info","message":"Server running on port 3001","timestamp":"2024-12-02 00:32:02"}
{"level":"info","message":"Initializing server...","timestamp":"2024-12-02 00:33:54"}
{"level":"info","message":"Initializing Redis...","timestamp":"2024-12-02 00:33:54"}
{"level":"info","message":"Connected to Redis successfully","timestamp":"2024-12-02 00:33:54"}
{"level":"info","message":"Redis initialized successfully.","timestamp":"2024-12-02 00:33:54"}
{"level":"info","message":"Initializing Elasticsearch...","timestamp":"2024-12-02 00:33:54"}
{"level":"info","message":"Elasticsearch cluster health:","timestamp":"2024-12-02 00:33:54"}
{"level":"info","message":"Elasticsearch client initialized successfully","timestamp":"2024-12-02 00:33:54"}
{"level":"info","message":"Elasticsearch initialized successfully.","timestamp":"2024-12-02 00:33:54"}
{"level":"info","message":"Initializing Elasticsearch indices...","timestamp":"2024-12-02 00:33:54"}
{"level":"info","message":"Index 'books' already exists","timestamp":"2024-12-02 00:33:54"}
{"level":"info","message":"Books index initialized successfully.","timestamp":"2024-12-02 00:33:54"}
{"level":"info","message":"Connecting to the database...","timestamp":"2024-12-02 00:33:54"}
{"level":"info","message":"Database connected successfully.","timestamp":"2024-12-02 00:33:54"}
{"level":"info","message":"Server running on port 3001","timestamp":"2024-12-02 00:33:54"}
{"level":"info","message":"Initializing server...","timestamp":"2024-12-02 00:34:39"}
{"level":"info","message":"Initializing Redis...","timestamp":"2024-12-02 00:34:39"}
{"level":"info","message":"Connected to Redis successfully","timestamp":"2024-12-02 00:34:39"}
{"level":"info","message":"Redis initialized successfully.","timestamp":"2024-12-02 00:34:39"}
{"level":"info","message":"Initializing Elasticsearch...","timestamp":"2024-12-02 00:34:39"}
{"level":"info","message":"Elasticsearch cluster health:","timestamp":"2024-12-02 00:34:39"}
{"level":"info","message":"Elasticsearch client initialized successfully","timestamp":"2024-12-02 00:34:39"}
{"level":"info","message":"Elasticsearch initialized successfully.","timestamp":"2024-12-02 00:34:39"}
{"level":"info","message":"Initializing Elasticsearch indices...","timestamp":"2024-12-02 00:34:39"}
{"level":"info","message":"Index 'books' already exists","timestamp":"2024-12-02 00:34:39"}
{"level":"info","message":"Books index initialized successfully.","timestamp":"2024-12-02 00:34:39"}
{"level":"info","message":"Connecting to the database...","timestamp":"2024-12-02 00:34:39"}
{"level":"info","message":"Database connected successfully.","timestamp":"2024-12-02 00:34:39"}
{"level":"info","message":"Server running on port 3001","timestamp":"2024-12-02 00:34:39"}
{"level":"info","message":"Initializing server...","timestamp":"2024-12-02 00:35:22"}
{"level":"info","message":"Initializing Redis...","timestamp":"2024-12-02 00:35:22"}
{"level":"info","message":"Connected to Redis successfully","timestamp":"2024-12-02 00:35:22"}
{"level":"info","message":"Redis initialized successfully.","timestamp":"2024-12-02 00:35:22"}
{"level":"info","message":"Initializing Elasticsearch...","timestamp":"2024-12-02 00:35:22"}
{"level":"info","message":"Elasticsearch cluster health:","timestamp":"2024-12-02 00:35:22"}
{"level":"info","message":"Elasticsearch client initialized successfully","timestamp":"2024-12-02 00:35:22"}
{"level":"info","message":"Elasticsearch initialized successfully.","timestamp":"2024-12-02 00:35:22"}
{"level":"info","message":"Initializing Elasticsearch indices...","timestamp":"2024-12-02 00:35:22"}
{"level":"info","message":"Index 'books' already exists","timestamp":"2024-12-02 00:35:22"}
{"level":"info","message":"Books index initialized successfully.","timestamp":"2024-12-02 00:35:22"}
{"level":"info","message":"Connecting to the database...","timestamp":"2024-12-02 00:35:22"}
{"level":"info","message":"Database connected successfully.","timestamp":"2024-12-02 00:35:22"}
{"level":"info","message":"Server running on port 3001","timestamp":"2024-12-02 00:35:22"}
{"level":"info","message":"Initializing server...","timestamp":"2024-12-02 00:35:48"}
{"level":"info","message":"Initializing Redis...","timestamp":"2024-12-02 00:35:48"}
{"level":"info","message":"Connected to Redis successfully","timestamp":"2024-12-02 00:35:48"}
{"level":"info","message":"Redis initialized successfully.","timestamp":"2024-12-02 00:35:48"}
{"level":"info","message":"Initializing Elasticsearch...","timestamp":"2024-12-02 00:35:48"}
{"level":"info","message":"Elasticsearch cluster health:","timestamp":"2024-12-02 00:35:48"}
{"level":"info","message":"Elasticsearch client initialized successfully","timestamp":"2024-12-02 00:35:48"}
{"level":"info","message":"Elasticsearch initialized successfully.","timestamp":"2024-12-02 00:35:48"}
{"level":"info","message":"Initializing Elasticsearch indices...","timestamp":"2024-12-02 00:35:48"}
{"level":"info","message":"Index 'books' already exists","timestamp":"2024-12-02 00:35:48"}
{"level":"info","message":"Books index initialized successfully.","timestamp":"2024-12-02 00:35:48"}
{"level":"info","message":"Connecting to the database...","timestamp":"2024-12-02 00:35:48"}
{"level":"info","message":"Database connected successfully.","timestamp":"2024-12-02 00:35:48"}
{"level":"info","message":"Server running on port 3001","timestamp":"2024-12-02 00:35:48"}
{"level":"info","message":"Initializing server...","timestamp":"2024-12-02 00:38:36"}
{"level":"info","message":"Initializing Redis...","timestamp":"2024-12-02 00:38:36"}
{"level":"info","message":"Connected to Redis successfully","timestamp":"2024-12-02 00:38:36"}
{"level":"info","message":"Redis initialized successfully.","timestamp":"2024-12-02 00:38:36"}
{"level":"info","message":"Initializing Elasticsearch...","timestamp":"2024-12-02 00:38:36"}
{"level":"info","message":"Elasticsearch cluster health:","timestamp":"2024-12-02 00:38:36"}
{"level":"info","message":"Elasticsearch client initialized successfully","timestamp":"2024-12-02 00:38:36"}
{"level":"info","message":"Elasticsearch initialized successfully.","timestamp":"2024-12-02 00:38:36"}
{"level":"info","message":"Initializing Elasticsearch indices...","timestamp":"2024-12-02 00:38:36"}
{"level":"info","message":"Index 'books' already exists","timestamp":"2024-12-02 00:38:36"}
{"level":"info","message":"Books index initialized successfully.","timestamp":"2024-12-02 00:38:36"}
{"level":"info","message":"Connecting to the database...","timestamp":"2024-12-02 00:38:36"}
{"level":"info","message":"Database connected successfully.","timestamp":"2024-12-02 00:38:36"}
{"level":"info","message":"Server running on port 3001","timestamp":"2024-12-02 00:38:36"}
{"level":"info","message":"Initializing server...","timestamp":"2024-12-02 00:39:47"}
{"level":"info","message":"Initializing Redis...","timestamp":"2024-12-02 00:39:47"}
{"level":"info","message":"Connected to Redis successfully","timestamp":"2024-12-02 00:39:47"}
{"level":"info","message":"Redis initialized successfully.","timestamp":"2024-12-02 00:39:47"}
{"level":"info","message":"Initializing Elasticsearch...","timestamp":"2024-12-02 00:39:47"}
{"level":"info","message":"Elasticsearch cluster health:","timestamp":"2024-12-02 00:39:47"}
{"level":"info","message":"Elasticsearch client initialized successfully","timestamp":"2024-12-02 00:39:47"}
{"level":"info","message":"Elasticsearch initialized successfully.","timestamp":"2024-12-02 00:39:47"}
{"level":"info","message":"Initializing Elasticsearch indices...","timestamp":"2024-12-02 00:39:47"}
{"level":"info","message":"Index 'books' already exists","timestamp":"2024-12-02 00:39:47"}
{"level":"info","message":"Books index initialized successfully.","timestamp":"2024-12-02 00:39:47"}
{"level":"info","message":"Connecting to the database...","timestamp":"2024-12-02 00:39:47"}
{"level":"info","message":"Database connected successfully.","timestamp":"2024-12-02 00:39:47"}
{"level":"info","message":"Server running on port 3001","timestamp":"2024-12-02 00:39:47"}
{"level":"info","message":"Connected to Redis successfully","timestamp":"2024-12-02 01:02:49"}
{"level":"info","message":"Elasticsearch cluster health:","timestamp":"2024-12-02 01:02:49"}
{"level":"info","message":"Elasticsearch client initialized successfully","timestamp":"2024-12-02 01:02:49"}
{"level":"info","message":"Index 'books' already exists","timestamp":"2024-12-02 01:02:49"}
{"level":"info","message":"Connected to Redis successfully","timestamp":"2024-12-02 01:03:28"}
{"level":"info","message":"Elasticsearch cluster health:","timestamp":"2024-12-02 01:03:28"}
{"level":"info","message":"Elasticsearch client initialized successfully","timestamp":"2024-12-02 01:03:28"}
{"level":"info","message":"Index 'books' already exists","timestamp":"2024-12-02 01:03:28"}
{"level":"info","message":"Connected to Redis successfully","timestamp":"2024-12-02 01:06:19"}
{"level":"info","message":"Elasticsearch cluster health:","timestamp":"2024-12-02 01:06:19"}
{"level":"info","message":"Elasticsearch client initialized successfully","timestamp":"2024-12-02 01:06:19"}
{"level":"info","message":"Index 'books' already exists","timestamp":"2024-12-02 01:06:19"}
{"level":"info","message":"Connected to Redis successfully","timestamp":"2024-12-02 01:07:00"}
{"level":"info","message":"Elasticsearch cluster health:","timestamp":"2024-12-02 01:07:00"}
{"level":"info","message":"Elasticsearch client initialized successfully","timestamp":"2024-12-02 01:07:00"}
{"level":"info","message":"Index 'books' already exists","timestamp":"2024-12-02 01:07:00"}
{"level":"info","message":"Connected to Redis successfully","timestamp":"2024-12-02 01:08:04"}
{"level":"info","message":"Elasticsearch cluster health:","timestamp":"2024-12-02 01:08:04"}
{"level":"info","message":"Elasticsearch client initialized successfully","timestamp":"2024-12-02 01:08:04"}
{"level":"info","message":"Index 'books' already exists","timestamp":"2024-12-02 01:08:04"}
{"level":"info","message":"Connected to Redis successfully","timestamp":"2024-12-02 01:10:18"}
{"level":"info","message":"Elasticsearch cluster health:","timestamp":"2024-12-02 01:10:18"}
{"level":"info","message":"Elasticsearch client initialized successfully","timestamp":"2024-12-02 01:10:18"}
{"level":"info","message":"Index 'books' already exists","timestamp":"2024-12-02 01:10:18"}
{"level":"info","message":"Connected to Redis successfully","timestamp":"2024-12-02 01:10:27"}
{"level":"info","message":"Elasticsearch cluster health:","timestamp":"2024-12-02 01:10:27"}
{"level":"info","message":"Elasticsearch client initialized successfully","timestamp":"2024-12-02 01:10:27"}
{"level":"info","message":"Index 'books' already exists","timestamp":"2024-12-02 01:10:27"}
{"level":"info","message":"Connected to Redis successfully","timestamp":"2024-12-02 01:10:36"}
{"level":"info","message":"Elasticsearch cluster health:","timestamp":"2024-12-02 01:10:36"}
{"level":"info","message":"Elasticsearch client initialized successfully","timestamp":"2024-12-02 01:10:36"}
{"level":"info","message":"Index 'books' already exists","timestamp":"2024-12-02 01:10:36"}
{"level":"info","message":"Connected to Redis successfully","timestamp":"2024-12-02 01:11:09"}
{"level":"info","message":"Elasticsearch cluster health:","timestamp":"2024-12-02 01:11:09"}
{"level":"info","message":"Elasticsearch client initialized successfully","timestamp":"2024-12-02 01:11:09"}
{"level":"info","message":"Index 'books' already exists","timestamp":"2024-12-02 01:11:09"}
{"level":"info","message":"Connected to Redis successfully","timestamp":"2024-12-02 01:11:52"}
{"level":"info","message":"Elasticsearch cluster health:","timestamp":"2024-12-02 01:11:52"}
{"level":"info","message":"Elasticsearch client initialized successfully","timestamp":"2024-12-02 01:11:52"}
{"level":"info","message":"Index 'books' already exists","timestamp":"2024-12-02 01:11:52"}
{"level":"info","message":"Connected to Redis successfully","timestamp":"2024-12-02 01:12:31"}
{"level":"info","message":"Elasticsearch cluster health:","timestamp":"2024-12-02 01:12:31"}
{"level":"info","message":"Elasticsearch client initialized successfully","timestamp":"2024-12-02 01:12:31"}
{"level":"info","message":"Index 'books' already exists","timestamp":"2024-12-02 01:12:31"}
{"level":"info","message":"Connected to Redis successfully","timestamp":"2024-12-02 01:15:05"}
{"level":"info","message":"Elasticsearch cluster health:","timestamp":"2024-12-02 01:15:05"}
{"level":"info","message":"Elasticsearch client initialized successfully","timestamp":"2024-12-02 01:15:05"}
{"level":"info","message":"Index 'books' already exists","timestamp":"2024-12-02 01:15:05"}
{"level":"info","message":"Connected to Redis successfully","timestamp":"2024-12-02 01:15:33"}
{"level":"info","message":"Elasticsearch cluster health:","timestamp":"2024-12-02 01:15:33"}
{"level":"info","message":"Elasticsearch client initialized successfully","timestamp":"2024-12-02 01:15:33"}
{"level":"info","message":"Index 'books' already exists","timestamp":"2024-12-02 01:15:33"}
{"level":"info","message":"Connected to Redis successfully","timestamp":"2024-12-02 01:15:58"}
{"level":"info","message":"Elasticsearch cluster health:","timestamp":"2024-12-02 01:15:58"}
{"level":"info","message":"Elasticsearch client initialized successfully","timestamp":"2024-12-02 01:15:58"}
{"level":"info","message":"Index 'books' already exists","timestamp":"2024-12-02 01:15:58"}
{"level":"info","message":"Connected to Redis successfully","timestamp":"2024-12-02 01:17:28"}
{"level":"info","message":"Elasticsearch cluster health:","timestamp":"2024-12-02 01:17:28"}
{"level":"info","message":"Elasticsearch client initialized successfully","timestamp":"2024-12-02 01:17:28"}
{"level":"info","message":"Index 'books' already exists","timestamp":"2024-12-02 01:17:28"}
{"level":"info","message":"Connected to Redis successfully","timestamp":"2024-12-02 01:18:09"}
{"level":"info","message":"Elasticsearch cluster health:","timestamp":"2024-12-02 01:18:09"}
{"level":"info","message":"Elasticsearch client initialized successfully","timestamp":"2024-12-02 01:18:09"}
{"level":"info","message":"Index 'books' already exists","timestamp":"2024-12-02 01:18:09"}
{"level":"info","message":"Connected to Redis successfully","timestamp":"2024-12-02 01:18:20"}
{"level":"info","message":"Elasticsearch cluster health:","timestamp":"2024-12-02 01:18:20"}
{"level":"info","message":"Elasticsearch client initialized successfully","timestamp":"2024-12-02 01:18:20"}
{"level":"info","message":"Index 'books' already exists","timestamp":"2024-12-02 01:18:20"}
{"level":"info","message":"Connected to Redis successfully","timestamp":"2024-12-02 01:18:57"}
{"level":"info","message":"Elasticsearch cluster health:","timestamp":"2024-12-02 01:18:57"}
{"level":"info","message":"Elasticsearch client initialized successfully","timestamp":"2024-12-02 01:18:57"}
{"level":"info","message":"Index 'books' already exists","timestamp":"2024-12-02 01:18:57"}
{"level":"info","message":"Connected to Redis successfully","timestamp":"2024-12-02 01:35:35"}
{"level":"info","message":"Elasticsearch cluster health:","timestamp":"2024-12-02 01:35:35"}
{"level":"info","message":"Elasticsearch client initialized successfully","timestamp":"2024-12-02 01:35:35"}
{"level":"info","message":"Index 'books' already exists","timestamp":"2024-12-02 01:35:35"}
{"level":"info","message":"Connected to Redis successfully","timestamp":"2024-12-02 01:44:14"}
{"level":"info","message":"Elasticsearch cluster health:","timestamp":"2024-12-02 01:44:14"}
{"level":"info","message":"Elasticsearch client initialized successfully","timestamp":"2024-12-02 01:44:14"}
{"level":"info","message":"Index 'books' already exists","timestamp":"2024-12-02 01:44:14"}
{"level":"info","message":"Connected to Redis successfully","timestamp":"2024-12-02 01:48:09"}
{"level":"info","message":"Elasticsearch cluster health:","timestamp":"2024-12-02 01:48:09"}
{"level":"info","message":"Elasticsearch client initialized successfully","timestamp":"2024-12-02 01:48:09"}
{"level":"info","message":"Index 'books' already exists","timestamp":"2024-12-02 01:48:09"}
{"level":"info","message":"Connected to Redis successfully","timestamp":"2024-12-02 01:49:17"}
{"level":"info","message":"Elasticsearch cluster health:","timestamp":"2024-12-02 01:49:17"}
{"level":"info","message":"Elasticsearch client initialized successfully","timestamp":"2024-12-02 01:49:17"}
{"level":"info","message":"Index 'books' already exists","timestamp":"2024-12-02 01:49:17"}
{"level":"info","message":"Connected to Redis successfully","timestamp":"2024-12-02 01:56:15"}
{"level":"info","message":"Elasticsearch cluster health:","timestamp":"2024-12-02 01:56:15"}
{"level":"info","message":"Elasticsearch client initialized successfully","timestamp":"2024-12-02 01:56:15"}
{"level":"info","message":"Index 'books' already exists","timestamp":"2024-12-02 01:56:15"}
{"level":"info","message":"Connected to Redis successfully","timestamp":"2024-12-02 01:56:40"}
{"level":"info","message":"Elasticsearch cluster health:","timestamp":"2024-12-02 01:56:40"}
{"level":"info","message":"Elasticsearch client initialized successfully","timestamp":"2024-12-02 01:56:40"}
{"level":"info","message":"Index 'books' already exists","timestamp":"2024-12-02 01:56:40"}
{"level":"info","message":"Connected to Redis successfully","timestamp":"2024-12-02 01:56:41"}
{"level":"info","message":"Elasticsearch cluster health:","timestamp":"2024-12-02 01:56:41"}
{"level":"info","message":"Elasticsearch client initialized successfully","timestamp":"2024-12-02 01:56:41"}
{"level":"info","message":"Index 'books' already exists","timestamp":"2024-12-02 01:56:41"}
{"level":"info","message":"Connected to Redis successfully","timestamp":"2024-12-02 01:57:21"}
{"level":"info","message":"Elasticsearch cluster health:","timestamp":"2024-12-02 01:57:21"}
{"level":"info","message":"Elasticsearch client initialized successfully","timestamp":"2024-12-02 01:57:21"}
{"level":"info","message":"Index 'books' already exists","timestamp":"2024-12-02 01:57:21"}
{"level":"info","message":"Connected to Redis successfully","timestamp":"2024-12-02 01:58:20"}
{"level":"info","message":"Elasticsearch cluster health:","timestamp":"2024-12-02 01:58:20"}
{"level":"info","message":"Elasticsearch client initialized successfully","timestamp":"2024-12-02 01:58:20"}
{"level":"info","message":"Index 'books' already exists","timestamp":"2024-12-02 01:58:20"}
{"level":"info","message":"Connected to Redis successfully","timestamp":"2024-12-02 02:05:30"}
{"level":"info","message":"Elasticsearch cluster health:","timestamp":"2024-12-02 02:05:30"}
{"level":"info","message":"Elasticsearch client initialized successfully","timestamp":"2024-12-02 02:05:30"}
{"level":"info","message":"Index 'books' already exists","timestamp":"2024-12-02 02:05:30"}
{"level":"error","message":"Redis Client Error: Socket closed unexpectedly","stack":"Error: Socket closed unexpectedly\n    at Socket.<anonymous> (/Users/lamaabdou/Documents/tasks/bosta/node_modules/@redis/client/dist/lib/client/socket.js:194:118)\n    at Object.onceWrapper (node:events:635:26)\n    at Socket.emit (node:events:520:28)\n    at TCP.<anonymous> (node:net:338:12)","timestamp":"2024-12-02 02:05:46"}
{"level":"info","message":"Connected to Redis successfully","timestamp":"2024-12-02 02:05:46"}
{"code":"ECONNRESET","errno":-54,"level":"error","message":"Redis Client Error: read ECONNRESET","stack":"Error: read ECONNRESET\n    at TCP.onStreamRead (node:internal/stream_base_commons:218:20)","syscall":"read","timestamp":"2024-12-02 02:05:46"}
{"code":"ECONNRESET","errno":-54,"level":"error","message":"Redis Client Error: read ECONNRESET","stack":"Error: read ECONNRESET\n    at TCP.onStreamRead (node:internal/stream_base_commons:218:20)","syscall":"read","timestamp":"2024-12-02 02:05:46"}
{"level":"info","message":"Connected to Redis successfully","timestamp":"2024-12-02 02:05:46"}
{"code":"ECONNRESET","errno":-54,"level":"error","message":"Redis Client Error: read ECONNRESET","stack":"Error: read ECONNRESET\n    at TCP.onStreamRead (node:internal/stream_base_commons:218:20)","syscall":"read","timestamp":"2024-12-02 02:05:46"}
{"code":"ECONNRESET","errno":-54,"level":"error","message":"Redis Client Error: read ECONNRESET","stack":"Error: read ECONNRESET\n    at TCP.onStreamRead (node:internal/stream_base_commons:218:20)","syscall":"read","timestamp":"2024-12-02 02:05:46"}
{"level":"info","message":"Connected to Redis successfully","timestamp":"2024-12-02 02:05:46"}
{"code":"ECONNRESET","errno":-54,"level":"error","message":"Redis Client Error: read ECONNRESET","stack":"Error: read ECONNRESET\n    at TCP.onStreamRead (node:internal/stream_base_commons:218:20)","syscall":"read","timestamp":"2024-12-02 02:05:46"}
{"code":"ECONNRESET","errno":-54,"level":"error","message":"Redis Client Error: read ECONNRESET","stack":"Error: read ECONNRESET\n    at TCP.onStreamRead (node:internal/stream_base_commons:218:20)","syscall":"read","timestamp":"2024-12-02 02:05:46"}
{"level":"info","message":"Connected to Redis successfully","timestamp":"2024-12-02 02:05:46"}
{"code":"ECONNRESET","errno":-54,"level":"error","message":"Redis Client Error: read ECONNRESET","stack":"Error: read ECONNRESET\n    at TCP.onStreamRead (node:internal/stream_base_commons:218:20)","syscall":"read","timestamp":"2024-12-02 02:05:46"}
{"code":"ECONNRESET","errno":-54,"level":"error","message":"Redis Client Error: read ECONNRESET","stack":"Error: read ECONNRESET\n    at TCP.onStreamRead (node:internal/stream_base_commons:218:20)","syscall":"read","timestamp":"2024-12-02 02:05:46"}
{"code":"ECONNREFUSED","level":"error","message":"Redis Client Error:","stack":"AggregateError [ECONNREFUSED]: \n    at internalConnectMultiple (node:net:1117:18)\n    at afterConnectMultiple (node:net:1684:7)","timestamp":"2024-12-02 02:05:46"}
{"code":"ECONNREFUSED","level":"error","message":"Redis Client Error:","stack":"AggregateError [ECONNREFUSED]: \n    at internalConnectMultiple (node:net:1117:18)\n    at afterConnectMultiple (node:net:1684:7)","timestamp":"2024-12-02 02:05:46"}
{"code":"ECONNREFUSED","level":"error","message":"Redis Client Error:","stack":"AggregateError [ECONNREFUSED]: \n    at internalConnectMultiple (node:net:1117:18)\n    at afterConnectMultiple (node:net:1684:7)","timestamp":"2024-12-02 02:05:47"}
{"code":"ECONNREFUSED","level":"error","message":"Redis Client Error:","stack":"AggregateError [ECONNREFUSED]: \n    at internalConnectMultiple (node:net:1117:18)\n    at afterConnectMultiple (node:net:1684:7)","timestamp":"2024-12-02 02:05:47"}
{"code":"ECONNREFUSED","level":"error","message":"Redis Client Error:","stack":"AggregateError [ECONNREFUSED]: \n    at internalConnectMultiple (node:net:1117:18)\n    at afterConnectMultiple (node:net:1684:7)","timestamp":"2024-12-02 02:05:47"}
{"code":"ECONNREFUSED","level":"error","message":"Redis Client Error:","stack":"AggregateError [ECONNREFUSED]: \n    at internalConnectMultiple (node:net:1117:18)\n    at afterConnectMultiple (node:net:1684:7)","timestamp":"2024-12-02 02:05:48"}
{"code":"ECONNREFUSED","level":"error","message":"Redis Client Error:","stack":"AggregateError [ECONNREFUSED]: \n    at internalConnectMultiple (node:net:1117:18)\n    at afterConnectMultiple (node:net:1684:7)","timestamp":"2024-12-02 02:05:48"}
{"code":"ECONNREFUSED","level":"error","message":"Redis Client Error:","stack":"AggregateError [ECONNREFUSED]: \n    at internalConnectMultiple (node:net:1117:18)\n    at afterConnectMultiple (node:net:1684:7)","timestamp":"2024-12-02 02:05:49"}
{"code":"ECONNREFUSED","level":"error","message":"Redis Client Error:","stack":"AggregateError [ECONNREFUSED]: \n    at internalConnectMultiple (node:net:1117:18)\n    at afterConnectMultiple (node:net:1684:7)","timestamp":"2024-12-02 02:05:49"}
{"code":"ECONNREFUSED","level":"error","message":"Redis Client Error:","stack":"AggregateError [ECONNREFUSED]: \n    at internalConnectMultiple (node:net:1117:18)\n    at afterConnectMultiple (node:net:1684:7)","timestamp":"2024-12-02 02:05:50"}
{"code":"ECONNREFUSED","level":"error","message":"Redis Client Error:","stack":"AggregateError [ECONNREFUSED]: \n    at internalConnectMultiple (node:net:1117:18)\n    at afterConnectMultiple (node:net:1684:7)","timestamp":"2024-12-02 02:05:50"}
{"code":"ECONNREFUSED","level":"error","message":"Redis Client Error:","stack":"AggregateError [ECONNREFUSED]: \n    at internalConnectMultiple (node:net:1117:18)\n    at afterConnectMultiple (node:net:1684:7)","timestamp":"2024-12-02 02:05:51"}
{"code":"ECONNREFUSED","level":"error","message":"Redis Client Error:","stack":"AggregateError [ECONNREFUSED]: \n    at internalConnectMultiple (node:net:1117:18)\n    at afterConnectMultiple (node:net:1684:7)","timestamp":"2024-12-02 02:05:51"}
{"code":"ECONNREFUSED","level":"error","message":"Redis Client Error:","stack":"AggregateError [ECONNREFUSED]: \n    at internalConnectMultiple (node:net:1117:18)\n    at afterConnectMultiple (node:net:1684:7)","timestamp":"2024-12-02 02:05:52"}
{"code":"ECONNREFUSED","level":"error","message":"Redis Client Error:","stack":"AggregateError [ECONNREFUSED]: \n    at internalConnectMultiple (node:net:1117:18)\n    at afterConnectMultiple (node:net:1684:7)","timestamp":"2024-12-02 02:05:52"}
{"code":"ECONNREFUSED","level":"error","message":"Redis Client Error:","stack":"AggregateError [ECONNREFUSED]: \n    at internalConnectMultiple (node:net:1117:18)\n    at afterConnectMultiple (node:net:1684:7)","timestamp":"2024-12-02 02:05:53"}
{"code":"ECONNREFUSED","level":"error","message":"Redis Client Error:","stack":"AggregateError [ECONNREFUSED]: \n    at internalConnectMultiple (node:net:1117:18)\n    at afterConnectMultiple (node:net:1684:7)","timestamp":"2024-12-02 02:05:53"}
{"code":"ECONNREFUSED","level":"error","message":"Redis Client Error:","stack":"AggregateError [ECONNREFUSED]: \n    at internalConnectMultiple (node:net:1117:18)\n    at afterConnectMultiple (node:net:1684:7)","timestamp":"2024-12-02 02:05:54"}
{"code":"ECONNREFUSED","level":"error","message":"Redis Client Error:","stack":"AggregateError [ECONNREFUSED]: \n    at internalConnectMultiple (node:net:1117:18)\n    at afterConnectMultiple (node:net:1684:7)","timestamp":"2024-12-02 02:05:54"}
{"code":"ECONNREFUSED","level":"error","message":"Redis Client Error:","stack":"AggregateError [ECONNREFUSED]: \n    at internalConnectMultiple (node:net:1117:18)\n    at afterConnectMultiple (node:net:1684:7)","timestamp":"2024-12-02 02:05:55"}
{"code":"ECONNREFUSED","level":"error","message":"Redis Client Error:","stack":"AggregateError [ECONNREFUSED]: \n    at internalConnectMultiple (node:net:1117:18)\n    at afterConnectMultiple (node:net:1684:7)","timestamp":"2024-12-02 02:05:55"}
{"code":"ECONNREFUSED","level":"error","message":"Redis Client Error:","stack":"AggregateError [ECONNREFUSED]: \n    at internalConnectMultiple (node:net:1117:18)\n    at afterConnectMultiple (node:net:1684:7)","timestamp":"2024-12-02 02:05:56"}
{"code":"ECONNREFUSED","level":"error","message":"Redis Client Error:","stack":"AggregateError [ECONNREFUSED]: \n    at internalConnectMultiple (node:net:1117:18)\n    at afterConnectMultiple (node:net:1684:7)","timestamp":"2024-12-02 02:05:56"}
{"code":"ECONNREFUSED","level":"error","message":"Redis Client Error:","stack":"AggregateError [ECONNREFUSED]: \n    at internalConnectMultiple (node:net:1117:18)\n    at afterConnectMultiple (node:net:1684:7)","timestamp":"2024-12-02 02:05:57"}
{"code":"ECONNREFUSED","level":"error","message":"Redis Client Error:","stack":"AggregateError [ECONNREFUSED]: \n    at internalConnectMultiple (node:net:1117:18)\n    at afterConnectMultiple (node:net:1684:7)","timestamp":"2024-12-02 02:05:57"}
{"code":"ECONNREFUSED","level":"error","message":"Redis Client Error:","stack":"AggregateError [ECONNREFUSED]: \n    at internalConnectMultiple (node:net:1117:18)\n    at afterConnectMultiple (node:net:1684:7)","timestamp":"2024-12-02 02:05:58"}
{"code":"ECONNREFUSED","level":"error","message":"Redis Client Error:","stack":"AggregateError [ECONNREFUSED]: \n    at internalConnectMultiple (node:net:1117:18)\n    at afterConnectMultiple (node:net:1684:7)","timestamp":"2024-12-02 02:05:58"}
{"code":"ECONNREFUSED","level":"error","message":"Redis Client Error:","stack":"AggregateError [ECONNREFUSED]: \n    at internalConnectMultiple (node:net:1117:18)\n    at afterConnectMultiple (node:net:1684:7)","timestamp":"2024-12-02 02:05:59"}
{"code":"ECONNREFUSED","level":"error","message":"Redis Client Error:","stack":"AggregateError [ECONNREFUSED]: \n    at internalConnectMultiple (node:net:1117:18)\n    at afterConnectMultiple (node:net:1684:7)","timestamp":"2024-12-02 02:05:59"}
{"code":"ECONNREFUSED","level":"error","message":"Redis Client Error:","stack":"AggregateError [ECONNREFUSED]: \n    at internalConnectMultiple (node:net:1117:18)\n    at afterConnectMultiple (node:net:1684:7)","timestamp":"2024-12-02 02:06:00"}
{"code":"ECONNREFUSED","level":"error","message":"Redis Client Error:","stack":"AggregateError [ECONNREFUSED]: \n    at internalConnectMultiple (node:net:1117:18)\n    at afterConnectMultiple (node:net:1684:7)","timestamp":"2024-12-02 02:06:00"}
{"code":"ECONNREFUSED","level":"error","message":"Redis Client Error:","stack":"AggregateError [ECONNREFUSED]: \n    at internalConnectMultiple (node:net:1117:18)\n    at afterConnectMultiple (node:net:1684:7)","timestamp":"2024-12-02 02:06:01"}
{"code":"ECONNREFUSED","level":"error","message":"Redis Client Error:","stack":"AggregateError [ECONNREFUSED]: \n    at internalConnectMultiple (node:net:1117:18)\n    at afterConnectMultiple (node:net:1684:7)","timestamp":"2024-12-02 02:06:01"}
{"code":"ECONNREFUSED","level":"error","message":"Redis Client Error:","stack":"AggregateError [ECONNREFUSED]: \n    at internalConnectMultiple (node:net:1117:18)\n    at afterConnectMultiple (node:net:1684:7)","timestamp":"2024-12-02 02:06:02"}
{"code":"ECONNREFUSED","level":"error","message":"Redis Client Error:","stack":"AggregateError [ECONNREFUSED]: \n    at internalConnectMultiple (node:net:1117:18)\n    at afterConnectMultiple (node:net:1684:7)","timestamp":"2024-12-02 02:06:02"}
{"code":"ECONNREFUSED","level":"error","message":"Redis Client Error:","stack":"AggregateError [ECONNREFUSED]: \n    at internalConnectMultiple (node:net:1117:18)\n    at afterConnectMultiple (node:net:1684:7)","timestamp":"2024-12-02 02:06:03"}
{"code":"ECONNREFUSED","level":"error","message":"Redis Client Error:","stack":"AggregateError [ECONNREFUSED]: \n    at internalConnectMultiple (node:net:1117:18)\n    at afterConnectMultiple (node:net:1684:7)","timestamp":"2024-12-02 02:06:03"}
{"code":"ECONNREFUSED","level":"error","message":"Redis Client Error:","stack":"AggregateError [ECONNREFUSED]: \n    at internalConnectMultiple (node:net:1117:18)\n    at afterConnectMultiple (node:net:1684:7)","timestamp":"2024-12-02 02:06:04"}
{"code":"ECONNREFUSED","level":"error","message":"Redis Client Error:","stack":"AggregateError [ECONNREFUSED]: \n    at internalConnectMultiple (node:net:1117:18)\n    at afterConnectMultiple (node:net:1684:7)","timestamp":"2024-12-02 02:06:04"}
{"code":"ECONNREFUSED","level":"error","message":"Redis Client Error:","stack":"AggregateError [ECONNREFUSED]: \n    at internalConnectMultiple (node:net:1117:18)\n    at afterConnectMultiple (node:net:1684:7)","timestamp":"2024-12-02 02:06:05"}
{"code":"ECONNREFUSED","level":"error","message":"Redis Client Error:","stack":"AggregateError [ECONNREFUSED]: \n    at internalConnectMultiple (node:net:1117:18)\n    at afterConnectMultiple (node:net:1684:7)","timestamp":"2024-12-02 02:06:05"}
{"code":"ECONNREFUSED","level":"error","message":"Redis Client Error:","stack":"AggregateError [ECONNREFUSED]: \n    at internalConnectMultiple (node:net:1117:18)\n    at afterConnectMultiple (node:net:1684:7)","timestamp":"2024-12-02 02:06:06"}
{"code":"ECONNREFUSED","level":"error","message":"Redis Client Error:","stack":"AggregateError [ECONNREFUSED]: \n    at internalConnectMultiple (node:net:1117:18)\n    at afterConnectMultiple (node:net:1684:7)","timestamp":"2024-12-02 02:06:06"}
{"code":"ECONNREFUSED","level":"error","message":"Redis Client Error:","stack":"AggregateError [ECONNREFUSED]: \n    at internalConnectMultiple (node:net:1117:18)\n    at afterConnectMultiple (node:net:1684:7)","timestamp":"2024-12-02 02:06:07"}
{"code":"ECONNREFUSED","level":"error","message":"Redis Client Error:","stack":"AggregateError [ECONNREFUSED]: \n    at internalConnectMultiple (node:net:1117:18)\n    at afterConnectMultiple (node:net:1684:7)","timestamp":"2024-12-02 02:06:07"}
{"code":"ECONNREFUSED","level":"error","message":"Redis Client Error:","stack":"AggregateError [ECONNREFUSED]: \n    at internalConnectMultiple (node:net:1117:18)\n    at afterConnectMultiple (node:net:1684:7)","timestamp":"2024-12-02 02:06:08"}
{"code":"ECONNREFUSED","level":"error","message":"Redis Client Error:","stack":"AggregateError [ECONNREFUSED]: \n    at internalConnectMultiple (node:net:1117:18)\n    at afterConnectMultiple (node:net:1684:7)","timestamp":"2024-12-02 02:06:08"}
{"code":"ECONNREFUSED","level":"error","message":"Redis Client Error:","stack":"AggregateError [ECONNREFUSED]: \n    at internalConnectMultiple (node:net:1117:18)\n    at afterConnectMultiple (node:net:1684:7)","timestamp":"2024-12-02 02:06:09"}
{"code":"ECONNREFUSED","level":"error","message":"Redis Client Error:","stack":"AggregateError [ECONNREFUSED]: \n    at internalConnectMultiple (node:net:1117:18)\n    at afterConnectMultiple (node:net:1684:7)","timestamp":"2024-12-02 02:06:09"}
{"code":"ECONNREFUSED","level":"error","message":"Redis Client Error:","stack":"AggregateError [ECONNREFUSED]: \n    at internalConnectMultiple (node:net:1117:18)\n    at afterConnectMultiple (node:net:1684:7)","timestamp":"2024-12-02 02:06:10"}
{"code":"ECONNREFUSED","level":"error","message":"Redis Client Error:","stack":"AggregateError [ECONNREFUSED]: \n    at internalConnectMultiple (node:net:1117:18)\n    at afterConnectMultiple (node:net:1684:7)","timestamp":"2024-12-02 02:06:10"}
{"code":"ECONNREFUSED","level":"error","message":"Redis Client Error:","stack":"AggregateError [ECONNREFUSED]: \n    at internalConnectMultiple (node:net:1117:18)\n    at afterConnectMultiple (node:net:1684:7)","timestamp":"2024-12-02 02:06:11"}
{"code":"ECONNREFUSED","level":"error","message":"Redis Client Error:","stack":"AggregateError [ECONNREFUSED]: \n    at internalConnectMultiple (node:net:1117:18)\n    at afterConnectMultiple (node:net:1684:7)","timestamp":"2024-12-02 02:06:11"}
{"code":"ECONNREFUSED","level":"error","message":"Redis Client Error:","stack":"AggregateError [ECONNREFUSED]: \n    at internalConnectMultiple (node:net:1117:18)\n    at afterConnectMultiple (node:net:1684:7)","timestamp":"2024-12-02 02:06:12"}
{"code":"ECONNREFUSED","level":"error","message":"Redis Client Error:","stack":"AggregateError [ECONNREFUSED]: \n    at internalConnectMultiple (node:net:1117:18)\n    at afterConnectMultiple (node:net:1684:7)","timestamp":"2024-12-02 02:06:12"}
{"code":"ECONNREFUSED","level":"error","message":"Redis Client Error:","stack":"AggregateError [ECONNREFUSED]: \n    at internalConnectMultiple (node:net:1117:18)\n    at afterConnectMultiple (node:net:1684:7)","timestamp":"2024-12-02 02:06:13"}
{"code":"ECONNREFUSED","level":"error","message":"Redis Client Error:","stack":"AggregateError [ECONNREFUSED]: \n    at internalConnectMultiple (node:net:1117:18)\n    at afterConnectMultiple (node:net:1684:7)","timestamp":"2024-12-02 02:06:13"}
{"code":"ECONNREFUSED","level":"error","message":"Redis Client Error:","stack":"AggregateError [ECONNREFUSED]: \n    at internalConnectMultiple (node:net:1117:18)\n    at afterConnectMultiple (node:net:1684:7)","timestamp":"2024-12-02 02:06:14"}
{"code":"ECONNREFUSED","level":"error","message":"Redis Client Error:","stack":"AggregateError [ECONNREFUSED]: \n    at internalConnectMultiple (node:net:1117:18)\n    at afterConnectMultiple (node:net:1684:7)","timestamp":"2024-12-02 02:06:14"}
{"code":"ECONNREFUSED","level":"error","message":"Redis Client Error:","stack":"AggregateError [ECONNREFUSED]: \n    at internalConnectMultiple (node:net:1117:18)\n    at afterConnectMultiple (node:net:1684:7)","timestamp":"2024-12-02 02:06:15"}
{"code":"ECONNREFUSED","level":"error","message":"Redis Client Error:","stack":"AggregateError [ECONNREFUSED]: \n    at internalConnectMultiple (node:net:1117:18)\n    at afterConnectMultiple (node:net:1684:7)","timestamp":"2024-12-02 02:06:15"}
{"code":"ECONNREFUSED","level":"error","message":"Redis Client Error:","stack":"AggregateError [ECONNREFUSED]: \n    at internalConnectMultiple (node:net:1117:18)\n    at afterConnectMultiple (node:net:1684:7)","timestamp":"2024-12-02 02:06:16"}
{"code":"ECONNREFUSED","level":"error","message":"Redis Client Error:","stack":"AggregateError [ECONNREFUSED]: \n    at internalConnectMultiple (node:net:1117:18)\n    at afterConnectMultiple (node:net:1684:7)","timestamp":"2024-12-02 02:06:16"}
{"code":"ECONNREFUSED","level":"error","message":"Redis Client Error:","stack":"AggregateError [ECONNREFUSED]: \n    at internalConnectMultiple (node:net:1117:18)\n    at afterConnectMultiple (node:net:1684:7)","timestamp":"2024-12-02 02:06:17"}
{"code":"ECONNREFUSED","level":"error","message":"Redis Client Error:","stack":"AggregateError [ECONNREFUSED]: \n    at internalConnectMultiple (node:net:1117:18)\n    at afterConnectMultiple (node:net:1684:7)","timestamp":"2024-12-02 02:06:17"}
{"code":"ECONNREFUSED","level":"error","message":"Redis Client Error:","stack":"AggregateError [ECONNREFUSED]: \n    at internalConnectMultiple (node:net:1117:18)\n    at afterConnectMultiple (node:net:1684:7)","timestamp":"2024-12-02 02:06:18"}
{"code":"ECONNREFUSED","level":"error","message":"Redis Client Error:","stack":"AggregateError [ECONNREFUSED]: \n    at internalConnectMultiple (node:net:1117:18)\n    at afterConnectMultiple (node:net:1684:7)","timestamp":"2024-12-02 02:06:18"}
{"code":"ECONNREFUSED","level":"error","message":"Redis Client Error:","stack":"AggregateError [ECONNREFUSED]: \n    at internalConnectMultiple (node:net:1117:18)\n    at afterConnectMultiple (node:net:1684:7)","timestamp":"2024-12-02 02:06:19"}
{"code":"ECONNREFUSED","level":"error","message":"Redis Client Error:","stack":"AggregateError [ECONNREFUSED]: \n    at internalConnectMultiple (node:net:1117:18)\n    at afterConnectMultiple (node:net:1684:7)","timestamp":"2024-12-02 02:06:19"}
{"code":"ECONNREFUSED","level":"error","message":"Redis Client Error:","stack":"AggregateError [ECONNREFUSED]: \n    at internalConnectMultiple (node:net:1117:18)\n    at afterConnectMultiple (node:net:1684:7)","timestamp":"2024-12-02 02:06:20"}
{"code":"ECONNREFUSED","level":"error","message":"Redis Client Error:","stack":"AggregateError [ECONNREFUSED]: \n    at internalConnectMultiple (node:net:1117:18)\n    at afterConnectMultiple (node:net:1684:7)","timestamp":"2024-12-02 02:06:20"}
{"code":"ECONNREFUSED","level":"error","message":"Redis Client Error:","stack":"AggregateError [ECONNREFUSED]: \n    at internalConnectMultiple (node:net:1117:18)\n    at afterConnectMultiple (node:net:1684:7)","timestamp":"2024-12-02 02:06:21"}
{"code":"ECONNREFUSED","level":"error","message":"Redis Client Error:","stack":"AggregateError [ECONNREFUSED]: \n    at internalConnectMultiple (node:net:1117:18)\n    at afterConnectMultiple (node:net:1684:7)","timestamp":"2024-12-02 02:06:21"}
{"code":"ECONNREFUSED","level":"error","message":"Redis Client Error:","stack":"AggregateError [ECONNREFUSED]: \n    at internalConnectMultiple (node:net:1117:18)\n    at afterConnectMultiple (node:net:1684:7)","timestamp":"2024-12-02 02:06:22"}
{"code":"ECONNREFUSED","level":"error","message":"Redis Client Error:","stack":"AggregateError [ECONNREFUSED]: \n    at internalConnectMultiple (node:net:1117:18)\n    at afterConnectMultiple (node:net:1684:7)","timestamp":"2024-12-02 02:06:22"}
{"code":"ECONNREFUSED","level":"error","message":"Redis Client Error:","stack":"AggregateError [ECONNREFUSED]: \n    at internalConnectMultiple (node:net:1117:18)\n    at afterConnectMultiple (node:net:1684:7)","timestamp":"2024-12-02 02:06:23"}
{"code":"ECONNREFUSED","level":"error","message":"Redis Client Error:","stack":"AggregateError [ECONNREFUSED]: \n    at internalConnectMultiple (node:net:1117:18)\n    at afterConnectMultiple (node:net:1684:7)","timestamp":"2024-12-02 02:06:23"}
{"code":"ECONNREFUSED","level":"error","message":"Redis Client Error:","stack":"AggregateError [ECONNREFUSED]: \n    at internalConnectMultiple (node:net:1117:18)\n    at afterConnectMultiple (node:net:1684:7)","timestamp":"2024-12-02 02:06:24"}
{"code":"ECONNREFUSED","level":"error","message":"Redis Client Error:","stack":"AggregateError [ECONNREFUSED]: \n    at internalConnectMultiple (node:net:1117:18)\n    at afterConnectMultiple (node:net:1684:7)","timestamp":"2024-12-02 02:06:24"}
{"code":"ECONNREFUSED","level":"error","message":"Redis Client Error:","stack":"AggregateError [ECONNREFUSED]: \n    at internalConnectMultiple (node:net:1117:18)\n    at afterConnectMultiple (node:net:1684:7)","timestamp":"2024-12-02 02:06:25"}
{"code":"ECONNREFUSED","level":"error","message":"Redis Client Error:","stack":"AggregateError [ECONNREFUSED]: \n    at internalConnectMultiple (node:net:1117:18)\n    at afterConnectMultiple (node:net:1684:7)","timestamp":"2024-12-02 02:06:25"}
{"code":"ECONNREFUSED","level":"error","message":"Redis Client Error:","stack":"AggregateError [ECONNREFUSED]: \n    at internalConnectMultiple (node:net:1117:18)\n    at afterConnectMultiple (node:net:1684:7)","timestamp":"2024-12-02 02:06:26"}
{"code":"ECONNREFUSED","level":"error","message":"Redis Client Error:","stack":"AggregateError [ECONNREFUSED]: \n    at internalConnectMultiple (node:net:1117:18)\n    at afterConnectMultiple (node:net:1684:7)","timestamp":"2024-12-02 02:06:26"}
{"code":"ECONNREFUSED","level":"error","message":"Redis Client Error:","stack":"AggregateError [ECONNREFUSED]: \n    at internalConnectMultiple (node:net:1117:18)\n    at afterConnectMultiple (node:net:1684:7)","timestamp":"2024-12-02 02:06:27"}
{"code":"ECONNREFUSED","level":"error","message":"Redis Client Error:","stack":"AggregateError [ECONNREFUSED]: \n    at internalConnectMultiple (node:net:1117:18)\n    at afterConnectMultiple (node:net:1684:7)","timestamp":"2024-12-02 02:06:27"}
{"code":"ECONNREFUSED","level":"error","message":"Redis Client Error:","stack":"AggregateError [ECONNREFUSED]: \n    at internalConnectMultiple (node:net:1117:18)\n    at afterConnectMultiple (node:net:1684:7)","timestamp":"2024-12-02 02:06:28"}
{"code":"ECONNREFUSED","level":"error","message":"Redis Client Error:","stack":"AggregateError [ECONNREFUSED]: \n    at internalConnectMultiple (node:net:1117:18)\n    at afterConnectMultiple (node:net:1684:7)","timestamp":"2024-12-02 02:06:28"}
{"code":"ECONNREFUSED","level":"error","message":"Redis Client Error:","stack":"AggregateError [ECONNREFUSED]: \n    at internalConnectMultiple (node:net:1117:18)\n    at afterConnectMultiple (node:net:1684:7)","timestamp":"2024-12-02 02:06:29"}
{"code":"ECONNREFUSED","level":"error","message":"Redis Client Error:","stack":"AggregateError [ECONNREFUSED]: \n    at internalConnectMultiple (node:net:1117:18)\n    at afterConnectMultiple (node:net:1684:7)","timestamp":"2024-12-02 02:06:29"}
{"code":"ECONNREFUSED","level":"error","message":"Redis Client Error:","stack":"AggregateError [ECONNREFUSED]: \n    at internalConnectMultiple (node:net:1117:18)\n    at afterConnectMultiple (node:net:1684:7)","timestamp":"2024-12-02 02:06:30"}
{"code":"ECONNREFUSED","level":"error","message":"Redis Client Error:","stack":"AggregateError [ECONNREFUSED]: \n    at internalConnectMultiple (node:net:1117:18)\n    at afterConnectMultiple (node:net:1684:7)","timestamp":"2024-12-02 02:06:30"}
{"code":"ECONNREFUSED","level":"error","message":"Redis Client Error:","stack":"AggregateError [ECONNREFUSED]: \n    at internalConnectMultiple (node:net:1117:18)\n    at afterConnectMultiple (node:net:1684:7)","timestamp":"2024-12-02 02:06:31"}
{"code":"ECONNREFUSED","level":"error","message":"Redis Client Error:","stack":"AggregateError [ECONNREFUSED]: \n    at internalConnectMultiple (node:net:1117:18)\n    at afterConnectMultiple (node:net:1684:7)","timestamp":"2024-12-02 02:06:31"}
{"code":"ECONNREFUSED","level":"error","message":"Redis Client Error:","stack":"AggregateError [ECONNREFUSED]: \n    at internalConnectMultiple (node:net:1117:18)\n    at afterConnectMultiple (node:net:1684:7)","timestamp":"2024-12-02 02:06:32"}
{"code":"ECONNREFUSED","level":"error","message":"Redis Client Error:","stack":"AggregateError [ECONNREFUSED]: \n    at internalConnectMultiple (node:net:1117:18)\n    at afterConnectMultiple (node:net:1684:7)","timestamp":"2024-12-02 02:06:32"}
{"code":"ECONNREFUSED","level":"error","message":"Redis Client Error:","stack":"AggregateError [ECONNREFUSED]: \n    at internalConnectMultiple (node:net:1117:18)\n    at afterConnectMultiple (node:net:1684:7)","timestamp":"2024-12-02 02:06:33"}
{"code":"ECONNREFUSED","level":"error","message":"Redis Client Error:","stack":"AggregateError [ECONNREFUSED]: \n    at internalConnectMultiple (node:net:1117:18)\n    at afterConnectMultiple (node:net:1684:7)","timestamp":"2024-12-02 02:06:33"}
{"code":"ECONNREFUSED","level":"error","message":"Redis Client Error:","stack":"AggregateError [ECONNREFUSED]: \n    at internalConnectMultiple (node:net:1117:18)\n    at afterConnectMultiple (node:net:1684:7)","timestamp":"2024-12-02 02:06:34"}
{"code":"ECONNREFUSED","level":"error","message":"Redis Client Error:","stack":"AggregateError [ECONNREFUSED]: \n    at internalConnectMultiple (node:net:1117:18)\n    at afterConnectMultiple (node:net:1684:7)","timestamp":"2024-12-02 02:06:34"}
{"code":"ECONNREFUSED","level":"error","message":"Redis Client Error:","stack":"AggregateError [ECONNREFUSED]: \n    at internalConnectMultiple (node:net:1117:18)\n    at afterConnectMultiple (node:net:1684:7)","timestamp":"2024-12-02 02:06:35"}
{"code":"ECONNREFUSED","level":"error","message":"Redis Client Error:","stack":"AggregateError [ECONNREFUSED]: \n    at internalConnectMultiple (node:net:1117:18)\n    at afterConnectMultiple (node:net:1684:7)","timestamp":"2024-12-02 02:06:35"}
{"code":"ECONNREFUSED","level":"error","message":"Redis Client Error:","stack":"AggregateError [ECONNREFUSED]: \n    at internalConnectMultiple (node:net:1117:18)\n    at afterConnectMultiple (node:net:1684:7)","timestamp":"2024-12-02 02:06:36"}
{"code":"ECONNREFUSED","level":"error","message":"Redis Client Error:","stack":"AggregateError [ECONNREFUSED]: \n    at internalConnectMultiple (node:net:1117:18)\n    at afterConnectMultiple (node:net:1684:7)","timestamp":"2024-12-02 02:06:36"}
{"code":"ECONNREFUSED","level":"error","message":"Redis Client Error:","stack":"AggregateError [ECONNREFUSED]: \n    at internalConnectMultiple (node:net:1117:18)\n    at afterConnectMultiple (node:net:1684:7)","timestamp":"2024-12-02 02:06:37"}
{"code":"ECONNREFUSED","level":"error","message":"Redis Client Error:","stack":"AggregateError [ECONNREFUSED]: \n    at internalConnectMultiple (node:net:1117:18)\n    at afterConnectMultiple (node:net:1684:7)","timestamp":"2024-12-02 02:06:37"}
{"code":"ECONNREFUSED","level":"error","message":"Redis Client Error:","stack":"AggregateError [ECONNREFUSED]: \n    at internalConnectMultiple (node:net:1117:18)\n    at afterConnectMultiple (node:net:1684:7)","timestamp":"2024-12-02 02:06:38"}
{"code":"ECONNREFUSED","level":"error","message":"Redis Client Error:","stack":"AggregateError [ECONNREFUSED]: \n    at internalConnectMultiple (node:net:1117:18)\n    at afterConnectMultiple (node:net:1684:7)","timestamp":"2024-12-02 02:06:38"}
{"code":"ECONNREFUSED","level":"error","message":"Redis Client Error:","stack":"AggregateError [ECONNREFUSED]: \n    at internalConnectMultiple (node:net:1117:18)\n    at afterConnectMultiple (node:net:1684:7)","timestamp":"2024-12-02 02:06:39"}
{"code":"ECONNREFUSED","level":"error","message":"Redis Client Error:","stack":"AggregateError [ECONNREFUSED]: \n    at internalConnectMultiple (node:net:1117:18)\n    at afterConnectMultiple (node:net:1684:7)","timestamp":"2024-12-02 02:06:40"}
{"code":"ECONNREFUSED","level":"error","message":"Redis Client Error:","stack":"AggregateError [ECONNREFUSED]: \n    at internalConnectMultiple (node:net:1117:18)\n    at afterConnectMultiple (node:net:1684:7)","timestamp":"2024-12-02 02:06:40"}
{"code":"ECONNREFUSED","level":"error","message":"Redis Client Error:","stack":"AggregateError [ECONNREFUSED]: \n    at internalConnectMultiple (node:net:1117:18)\n    at afterConnectMultiple (node:net:1684:7)","timestamp":"2024-12-02 02:06:41"}
{"code":"ECONNREFUSED","level":"error","message":"Redis Client Error:","stack":"AggregateError [ECONNREFUSED]: \n    at internalConnectMultiple (node:net:1117:18)\n    at afterConnectMultiple (node:net:1684:7)","timestamp":"2024-12-02 02:06:41"}
{"code":"ECONNREFUSED","level":"error","message":"Redis Client Error:","stack":"AggregateError [ECONNREFUSED]: \n    at internalConnectMultiple (node:net:1117:18)\n    at afterConnectMultiple (node:net:1684:7)","timestamp":"2024-12-02 02:06:42"}
{"code":"ECONNREFUSED","level":"error","message":"Redis Client Error:","stack":"AggregateError [ECONNREFUSED]: \n    at internalConnectMultiple (node:net:1117:18)\n    at afterConnectMultiple (node:net:1684:7)","timestamp":"2024-12-02 02:06:42"}
{"code":"ECONNREFUSED","level":"error","message":"Redis Client Error:","stack":"AggregateError [ECONNREFUSED]: \n    at internalConnectMultiple (node:net:1117:18)\n    at afterConnectMultiple (node:net:1684:7)","timestamp":"2024-12-02 02:06:43"}
{"code":"ECONNREFUSED","level":"error","message":"Redis Client Error:","stack":"AggregateError [ECONNREFUSED]: \n    at internalConnectMultiple (node:net:1117:18)\n    at afterConnectMultiple (node:net:1684:7)","timestamp":"2024-12-02 02:06:43"}
{"code":"ECONNREFUSED","level":"error","message":"Redis Client Error:","stack":"AggregateError [ECONNREFUSED]: \n    at internalConnectMultiple (node:net:1117:18)\n    at afterConnectMultiple (node:net:1684:7)","timestamp":"2024-12-02 02:06:44"}
{"code":"ECONNREFUSED","level":"error","message":"Redis Client Error:","stack":"AggregateError [ECONNREFUSED]: \n    at internalConnectMultiple (node:net:1117:18)\n    at afterConnectMultiple (node:net:1684:7)","timestamp":"2024-12-02 02:06:44"}
{"code":"ECONNREFUSED","level":"error","message":"Redis Client Error:","stack":"AggregateError [ECONNREFUSED]: \n    at internalConnectMultiple (node:net:1117:18)\n    at afterConnectMultiple (node:net:1684:7)","timestamp":"2024-12-02 02:06:45"}
{"code":"ECONNREFUSED","level":"error","message":"Redis Client Error:","stack":"AggregateError [ECONNREFUSED]: \n    at internalConnectMultiple (node:net:1117:18)\n    at afterConnectMultiple (node:net:1684:7)","timestamp":"2024-12-02 02:06:45"}
{"code":"ECONNREFUSED","level":"error","message":"Redis Client Error:","stack":"AggregateError [ECONNREFUSED]: \n    at internalConnectMultiple (node:net:1117:18)\n    at afterConnectMultiple (node:net:1684:7)","timestamp":"2024-12-02 02:06:46"}
{"code":"ECONNREFUSED","level":"error","message":"Redis Client Error:","stack":"AggregateError [ECONNREFUSED]: \n    at internalConnectMultiple (node:net:1117:18)\n    at afterConnectMultiple (node:net:1684:7)","timestamp":"2024-12-02 02:06:46"}
{"code":"ECONNREFUSED","level":"error","message":"Redis Client Error:","stack":"AggregateError [ECONNREFUSED]: \n    at internalConnectMultiple (node:net:1117:18)\n    at afterConnectMultiple (node:net:1684:7)","timestamp":"2024-12-02 02:06:47"}
{"code":"ECONNREFUSED","level":"error","message":"Redis Client Error:","stack":"AggregateError [ECONNREFUSED]: \n    at internalConnectMultiple (node:net:1117:18)\n    at afterConnectMultiple (node:net:1684:7)","timestamp":"2024-12-02 02:06:47"}
{"level":"info","message":"Connected to Redis successfully","timestamp":"2024-12-02 02:06:48"}
{"level":"info","message":"Connected to Redis successfully","timestamp":"2024-12-02 02:10:48"}
{"level":"info","message":"Elasticsearch cluster health:","timestamp":"2024-12-02 02:10:48"}
{"level":"info","message":"Elasticsearch client initialized successfully","timestamp":"2024-12-02 02:10:48"}
{"level":"info","message":"Index 'books' already exists","timestamp":"2024-12-02 02:10:48"}
{"level":"info","message":"Connected to Redis successfully","timestamp":"2024-12-02 02:12:38"}
{"level":"info","message":"Elasticsearch cluster health:","timestamp":"2024-12-02 02:12:38"}
{"level":"info","message":"Elasticsearch client initialized successfully","timestamp":"2024-12-02 02:12:38"}
{"level":"info","message":"Index 'books' already exists","timestamp":"2024-12-02 02:12:38"}
{"level":"info","message":"Connected to Redis successfully","timestamp":"2024-12-02 02:12:50"}
{"level":"info","message":"Elasticsearch cluster health:","timestamp":"2024-12-02 02:12:50"}
{"level":"info","message":"Elasticsearch client initialized successfully","timestamp":"2024-12-02 02:12:50"}
{"level":"info","message":"Index 'books' already exists","timestamp":"2024-12-02 02:12:50"}
{"level":"info","message":"Connected to Redis successfully","timestamp":"2024-12-02 02:24:56"}
{"level":"info","message":"Elasticsearch cluster health:","timestamp":"2024-12-02 02:24:56"}
{"level":"info","message":"Elasticsearch client initialized successfully","timestamp":"2024-12-02 02:24:56"}
{"level":"info","message":"Index 'books' already exists","timestamp":"2024-12-02 02:24:56"}
{"level":"info","message":"Connected to Redis successfully","timestamp":"2024-12-02 02:25:36"}
{"level":"info","message":"Elasticsearch cluster health:","timestamp":"2024-12-02 02:25:36"}
{"level":"info","message":"Elasticsearch client initialized successfully","timestamp":"2024-12-02 02:25:36"}
{"level":"info","message":"Index 'books' already exists","timestamp":"2024-12-02 02:25:36"}
{"level":"info","message":"Connected to Redis successfully","timestamp":"2024-12-02 02:26:34"}
{"level":"info","message":"Elasticsearch cluster health:","timestamp":"2024-12-02 02:26:34"}
{"level":"info","message":"Elasticsearch client initialized successfully","timestamp":"2024-12-02 02:26:34"}
{"level":"info","message":"Index 'books' already exists","timestamp":"2024-12-02 02:26:34"}
{"level":"info","message":"Connected to Redis successfully","timestamp":"2024-12-02 02:27:19"}
{"level":"info","message":"Elasticsearch cluster health:","timestamp":"2024-12-02 02:27:19"}
{"level":"info","message":"Elasticsearch client initialized successfully","timestamp":"2024-12-02 02:27:19"}
{"level":"info","message":"Index 'books' already exists","timestamp":"2024-12-02 02:27:19"}
{"level":"info","message":"Connected to Redis successfully","timestamp":"2024-12-02 02:29:46"}
{"level":"info","message":"Elasticsearch cluster health:","timestamp":"2024-12-02 02:29:46"}
{"level":"info","message":"Elasticsearch client initialized successfully","timestamp":"2024-12-02 02:29:46"}
{"level":"info","message":"Index 'books' already exists","timestamp":"2024-12-02 02:29:46"}
{"level":"info","message":"Connected to Redis successfully","timestamp":"2024-12-02 19:42:52"}
{"level":"info","message":"Elasticsearch cluster health:","timestamp":"2024-12-02 19:42:52"}
{"level":"info","message":"Elasticsearch client initialized successfully","timestamp":"2024-12-02 19:42:52"}
{"level":"info","message":"Index 'books' already exists","timestamp":"2024-12-02 19:42:52"}
{"level":"info","message":"Connected to Redis successfully","timestamp":"2024-12-02 20:12:40"}
{"level":"info","message":"Elasticsearch cluster health:","timestamp":"2024-12-02 20:12:40"}
{"level":"info","message":"Elasticsearch client initialized successfully","timestamp":"2024-12-02 20:12:40"}
{"level":"info","message":"Index 'books' already exists","timestamp":"2024-12-02 20:12:40"}
{"level":"info","message":"Connected to Redis successfully","timestamp":"2024-12-02 20:12:50"}
{"level":"info","message":"Elasticsearch cluster health:","timestamp":"2024-12-02 20:12:50"}
{"level":"info","message":"Elasticsearch client initialized successfully","timestamp":"2024-12-02 20:12:50"}
{"level":"info","message":"Index 'books' already exists","timestamp":"2024-12-02 20:12:50"}
